[debug] [2020-07-24T04:03:14.785Z] ----------------------------------------------------------------------
[debug] [2020-07-24T04:03:14.787Z] Command:       /usr/local/bin/node /usr/local/bin/firebase serve
[debug] [2020-07-24T04:03:14.787Z] CLI Version:   8.6.0
[debug] [2020-07-24T04:03:14.787Z] Platform:      darwin
[debug] [2020-07-24T04:03:14.787Z] Node Version:  v12.18.2
[debug] [2020-07-24T04:03:14.788Z] Time:          Fri Jul 24 2020 00:03:14 GMT-0400 (Eastern Daylight Time)
[debug] [2020-07-24T04:03:14.788Z] ----------------------------------------------------------------------
[debug] [2020-07-24T04:03:14.788Z] 
[debug] [2020-07-24T04:03:14.795Z] > command requires scopes: ["email","openid","https://www.googleapis.com/auth/cloudplatformprojects.readonly","https://www.googleapis.com/auth/firebase","https://www.googleapis.com/auth/cloud-platform"]
[debug] [2020-07-24T04:03:14.795Z] > authorizing via signed-in user
[debug] [2020-07-24T04:03:14.795Z] [iam] checking project marcmerih-ff7f1 for permissions ["firebase.projects.get"]
[debug] [2020-07-24T04:03:14.797Z] >>> HTTP REQUEST POST https://cloudresourcemanager.googleapis.com/v1/projects/marcmerih-ff7f1:testIamPermissions  
 {"permissions":["firebase.projects.get"]}
[debug] [2020-07-24T04:03:15.083Z] <<< HTTP RESPONSE 200 {"content-type":"application/json; charset=UTF-8","vary":"X-Origin, Referer, Origin,Accept-Encoding","date":"Fri, 24 Jul 2020 04:03:15 GMT","server":"ESF","cache-control":"private","x-xss-protection":"0","x-frame-options":"SAMEORIGIN","x-content-type-options":"nosniff","server-timing":"gfet4t7; dur=185","alt-svc":"h3-29=\":443\"; ma=2592000,h3-27=\":443\"; ma=2592000,h3-T050=\":443\"; ma=2592000,h3-Q050=\":443\"; ma=2592000,h3-Q046=\":443\"; ma=2592000,h3-Q043=\":443\"; ma=2592000,quic=\":443\"; ma=2592000; v=\"46,43\"","accept-ranges":"none","transfer-encoding":"chunked"}
[debug] [2020-07-24T04:03:15.084Z] >>> HTTP REQUEST GET https://firebase.googleapis.com/v1beta1/projects/marcmerih-ff7f1  
 
[debug] [2020-07-24T04:03:15.318Z] <<< HTTP RESPONSE 200 {"content-type":"application/json; charset=UTF-8","vary":"X-Origin, Referer, Origin,Accept-Encoding","date":"Fri, 24 Jul 2020 04:03:15 GMT","server":"ESF","cache-control":"private","x-xss-protection":"0","x-frame-options":"SAMEORIGIN","x-content-type-options":"nosniff","alt-svc":"h3-29=\":443\"; ma=2592000,h3-27=\":443\"; ma=2592000,h3-T050=\":443\"; ma=2592000,h3-Q050=\":443\"; ma=2592000,h3-Q046=\":443\"; ma=2592000,h3-Q043=\":443\"; ma=2592000,quic=\":443\"; ma=2592000; v=\"46,43\"","accept-ranges":"none","transfer-encoding":"chunked"}
[info] 
[info] === Serving from '/Users/merihatasoy/Documents/Projects/Web Apps/appstatic'...
[info] 
[debug] [2020-07-24T04:03:15.322Z] >>> HTTP REQUEST GET https://firebase.googleapis.com/v1beta1/projects/marcmerih-ff7f1/webApps/-/config  
 
[debug] [2020-07-24T04:03:15.652Z] <<< HTTP RESPONSE 200 {"content-type":"application/json; charset=UTF-8","vary":"X-Origin, Referer, Origin,Accept-Encoding","date":"Fri, 24 Jul 2020 04:03:15 GMT","server":"ESF","cache-control":"private","x-xss-protection":"0","x-frame-options":"SAMEORIGIN","x-content-type-options":"nosniff","alt-svc":"h3-29=\":443\"; ma=2592000,h3-27=\":443\"; ma=2592000,h3-T050=\":443\"; ma=2592000,h3-Q050=\":443\"; ma=2592000,h3-Q046=\":443\"; ma=2592000,h3-Q043=\":443\"; ma=2592000,quic=\":443\"; ma=2592000; v=\"46,43\"","accept-ranges":"none","transfer-encoding":"chunked"}
[info] i  hosting: Serving hosting files from: app/dist/app {"metadata":{"emulator":{"name":"hosting"},"message":"Serving hosting files from: \u001b[1mapp/dist/app\u001b[22m"}}
[info] ✔  hosting: Local server: http://localhost:5000 {"metadata":{"emulator":{"name":"hosting"},"message":"Local server: \u001b[4m\u001b[1mhttp://localhost:5000\u001b[22m\u001b[24m"}}
[info] i  hosting: 127.0.0.1 - - [24/Jul/2020:04:03:20 +0000] "GET /references HTTP/1.1" 200 843 "-" "Mozilla/5.0 (Macintosh; Intel Mac OS X 10_15_5) AppleWebKit/537.36 (KHTML, like Gecko) Chrome/83.0.4103.116 Safari/537.36" {"metadata":{"emulator":{"name":"hosting"},"message":"127.0.0.1 - - [24/Jul/2020:04:03:20 +0000] \"GET /references HTTP/1.1\" 200 843 \"-\" \"Mozilla/5.0 (Macintosh; Intel Mac OS X 10_15_5) AppleWebKit/537.36 (KHTML, like Gecko) Chrome/83.0.4103.116 Safari/537.36\""}}
[info] i  hosting: 127.0.0.1 - - [24/Jul/2020:04:03:37 +0000] "GET /references HTTP/1.1" 304 - "-" "Mozilla/5.0 (Macintosh; Intel Mac OS X 10_15_5) AppleWebKit/537.36 (KHTML, like Gecko) Chrome/83.0.4103.116 Safari/537.36" {"metadata":{"emulator":{"name":"hosting"},"message":"127.0.0.1 - - [24/Jul/2020:04:03:37 +0000] \"GET /references HTTP/1.1\" 304 - \"-\" \"Mozilla/5.0 (Macintosh; Intel Mac OS X 10_15_5) AppleWebKit/537.36 (KHTML, like Gecko) Chrome/83.0.4103.116 Safari/537.36\""}}
